════════════════════════════════════════
Date:       2026-03-29T07:27:41.500Z
Client:     My Test
Machine ID: 229117825DCECBB2
License:    bErzWzI6twEBXfS8ONjQKR1GnUKJcyu9bCUDdvBu+4FNSms2AzmR4O8BCy2lN9/CmPZZ7RjtWufxbpIHjDiRLnBPZJBLod0Lo6eTBSzVT+hJFIzRWwp842HDpce/BDB+jkZcZcgW4M6zD9pN11/jF4kVUANeF0VkPL7V+hHO9ickAVKD8rv6qgx7BUcPEv9RPWXywzmnIzrNOriDq/9HAZLOtva4HhcinaiawSRZsgoWsYSdGOSPo02TQRR2sdk5zPPEAHbdh8c0T86dEqsVba1nexmoUPzC7Hdbn3lFTIvriA/wEdDtRoXgVxhcaOAteq7bxjmNOLtxoj6YE4vSDg==
════════════════════════════════════════
════════════════════════════════════════
Date:       2026-03-29T09:00:12.617Z
Client:     My Test
Machine ID: B1793C965A88DEBF
License:    N8395et+ploOobOKBwgShWruFtkbY00OPnB/ApDkHffVxDLLABA5sCffgKXF4LSHQkWWu/mzNMj9SqRKi9XZhMD5tc9Sg/Dp5hr4B+WMKP4Hh0j7+UiKG/pcmINTNmpSDFJRjqZOJefEQjksyt/bvJrDwT/jf+YP/hckY1+QFAsr4rP/IR2Ne5tdChh6I2Yth2ZMEB8B5dnQF0qFOPNH04HWNt65lEEu1J3pfndutpzoqIaVJhUtFBdL+Cf0O/uqsaFvdJRY/WSF0qijGI77pHbTMNdciDhe7PJ4I9oMl9MfR7LfIXcD0OjpT3kpadKGJXKmDqIsO+zdcRICOzPAxg==
════════════════════════════════════════
════════════════════════════════════════
Date:       2026-03-29T09:00:39.569Z
Client:     Vikash
Machine ID: B1793C965A88DEBF
License:    N8395et+ploOobOKBwgShWruFtkbY00OPnB/ApDkHffVxDLLABA5sCffgKXF4LSHQkWWu/mzNMj9SqRKi9XZhMD5tc9Sg/Dp5hr4B+WMKP4Hh0j7+UiKG/pcmINTNmpSDFJRjqZOJefEQjksyt/bvJrDwT/jf+YP/hckY1+QFAsr4rP/IR2Ne5tdChh6I2Yth2ZMEB8B5dnQF0qFOPNH04HWNt65lEEu1J3pfndutpzoqIaVJhUtFBdL+Cf0O/uqsaFvdJRY/WSF0qijGI77pHbTMNdciDhe7PJ4I9oMl9MfR7LfIXcD0OjpT3kpadKGJXKmDqIsO+zdcRICOzPAxg==
════════════════════════════════════════
════════════════════════════════════════
Date:       2026-03-29T10:38:46.198Z
Client:     Vivek
Machine ID: BD746C1FDF299153
License:    bl4eiCLXml8b+Vc3TVgRwVW/4cuWjwa2ovH1FCtxNHKKkqRL22bNYVNSLBB3ozkVW10Jgx9Z2Of4wVXKTkvBaq8WLSgEvhYFk77fmrCeH5q0SulPN9g3tpIa8Cr/NxA8in0G94lYHsvi+9WYkS7PS6IyD9yT+Gae+oXtWNZrnX+5MYkcYkJSUUXZMDXOrZUzqP3QoqbeCGLUwSTQ80kOIF6bwRVBdFH7h+rIdIYlppNF0mvdtqtEKIOEdIRyK7XXm1V5GXK4xJzR4JWZxgkl8Coz4YNkyYxmK68LyKi+npp0U3ZhCZ8xikWuhHhOoeUZ9ou1lYEIIiMyALbLt9qN7w==
════════════════════════════════════════
════════════════════════════════════════
Date:       2026-03-29T12:35:15.261Z
Client:     My_pc
Machine ID: 37893E67160573BF
License:    Yogqan7mC42ff3SRqHU551WQPk8bXFV+DVsrqDk59f4Js/6NUgpBolDj/K968ZRyHxdZNGLyLhbDQGc0uQfOWZa/RKXwK28W2YQpi4M+SN6siTPDQ3jBAjh+e5cbuDegU0a8iLZTZjBhKss7Gx0gA5ZKONKjUgDguBY+9gsvr2ORuV+QjIijUzuATDRrgkEhWEdVBTdsf52ZMRmgsYWTDMReoiCADSHc3djfU+vafGLgc0gevbzHnU2iGEHNELozcRT5Dkdk6leHzHQOkcODlGG9gSe7ZtG+rbMINmR1etj6ZVBopdS5HIDcdUXW+5UBz0kaGLl5wmh1jQqZxMfqHA==
════════════════════════════════════════
════════════════════════════════════════
Date:       2026-03-29T12:36:00.051Z
Client:     Unknown Client
Machine ID: 37893E67160573BF
License:    Yogqan7mC42ff3SRqHU551WQPk8bXFV+DVsrqDk59f4Js/6NUgpBolDj/K968ZRyHxdZNGLyLhbDQGc0uQfOWZa/RKXwK28W2YQpi4M+SN6siTPDQ3jBAjh+e5cbuDegU0a8iLZTZjBhKss7Gx0gA5ZKONKjUgDguBY+9gsvr2ORuV+QjIijUzuATDRrgkEhWEdVBTdsf52ZMRmgsYWTDMReoiCADSHc3djfU+vafGLgc0gevbzHnU2iGEHNELozcRT5Dkdk6leHzHQOkcODlGG9gSe7ZtG+rbMINmR1etj6ZVBopdS5HIDcdUXW+5UBz0kaGLl5wmh1jQqZxMfqHA==
════════════════════════════════════════
════════════════════════════════════════
Date:       2026-03-29T13:30:29.821Z
Client:     Mine_Pc
Machine ID: 37893E67160573BF
License:    XH1qR8q4UPq+cRVHRr9PKIn/Qdf6TN3lwcCKyHfoe1s7eoDzKDXL+O4FpWJCjj2cDc895uCL+iATYMR+OAEKOY75o7pxZSkptCa+qtOyJ2RSeCzCUdP+rKDlf2kxcPuuBNG90CC51ZMl5GtttEsNfNTv43KfXvUKyGbQnEHmzD2S1b8GENTCcr+spexOazSxgxwz89cXnRXhsXfBuxiOD0ZURSddEirjcTtWUPrm39nrHUwiKGX7Vf3Ae/5xePTHpbd8kFTniX4fCVwQ9Mxj4vDMRrilZecxCSlZuklTtOVXKtMbcYN5o/D8MXmfySCzERhFblA/ULxOF1xnbbN4Jw==
════════════════════════════════════════
════════════════════════════════════════
Date:       2026-03-29T15:02:46.945Z
Client:     test
Machine ID: 4F22AA0CE6DF38CE
License:    GsWToAW7qGV3NdJEmibZOOuIb6WdKjpKLWAXdRl4I30a5UgqZ2rzZ3c7t+hNhjjUM/Sw5MMYZyVza1EI39wVqgON2XL8oHybTt35xgsiKH63/xYOluLMiZO54masSijh6aN4k9hnua45pWcwGpSlLUXkCC+u4uJZSAgVy9YBKqmhnkwZMXl3/WXscyKyFLE0hyWd3xJGUs3QeDIKf72sjibkd5BcWckyyppJ5WhlJPN/Fc/nElRbdbOD3tr3f7paFo8Tds42RdCH0N4ZBc76kOfYuAxbzCIB7ps8pAHgevQ2kW/cibrT/ACurTbbKYR0CJ/0WsO46gA4DMl7y7PgQg==
════════════════════════════════════════
════════════════════════════════════════
Date:       2026-03-31T02:10:45.221Z
Client:     Unknown Client
Machine ID: 1E06F0ED2B8DDAC7
License:    NMxCz7UdeIpiRwT49s70VpqW21h2Sywktfd7VoisUTEzEHhSlcVCj/vhn3BK9l89/ErRlp8NF8+QxYFXvQSNs4QAGg70RbDwnL7Ne4GKhcn/yKw2b6ZAYFlS88G4mCpD9E+0ZjG8Au4FI4Xr0e/YgusAk0EfmahdwYejMfDFw7DubnU9Cbfd6SrCk3aBwA2piVog2VhrSWq/9PN6qM2e2b0YRuBo0F3jtx+QDCf8JVVlLUrbIRgg1dXF/Z9T2X6Y7SfxDvyZHSfnnNGXNTg99ImP4ChFiHdMjW2uC/qZarCB197vT9rSoRL59w6WZ60EgzcOoMU/QM3mFp3MkYWjLg==
════════════════════════════════════════
════════════════════════════════════════
Date:       2026-04-01T01:29:01.330Z
Client:     mine
Machine ID: 4F22AA0CE6DF38CE
License:    GsWToAW7qGV3NdJEmibZOOuIb6WdKjpKLWAXdRl4I30a5UgqZ2rzZ3c7t+hNhjjUM/Sw5MMYZyVza1EI39wVqgON2XL8oHybTt35xgsiKH63/xYOluLMiZO54masSijh6aN4k9hnua45pWcwGpSlLUXkCC+u4uJZSAgVy9YBKqmhnkwZMXl3/WXscyKyFLE0hyWd3xJGUs3QeDIKf72sjibkd5BcWckyyppJ5WhlJPN/Fc/nElRbdbOD3tr3f7paFo8Tds42RdCH0N4ZBc76kOfYuAxbzCIB7ps8pAHgevQ2kW/cibrT/ACurTbbKYR0CJ/0WsO46gA4DMl7y7PgQg==
════════════════════════════════════════
════════════════════════════════════════
Date:       2026-04-01T04:04:35.351Z
Client:     Unknown Client
Machine ID: 59FDFD9DCB354C14
License:    jRahl+gneKUoDqAc3OncAsKHg2RoKRqsi2ev3ZXHTv9oGS4y5/+dnNgBAfpsiAv9A2b1DmgvpPLLstU+TacBc9gSlNZLy3WCYPhBXvoTvkMtmuctzfMLvEv8yMfkhtIY1gm5h3sK7xTUX1ZbHHt4J2LzgQcFGhsmfJ5ftsZ1EHQkBnrhxdF+OQe1uqWm/1KSxaVxKYQZrPA4bqoHT3SjlNx22/X31jlEWwFJFKBTfW5qaAXYr49+O/RpEToOHHEGmdFGlJenI/ecjeN8iLrtGrcIL5InRyYl77zo3tbvxKApL2jlnuwLhQxIccENTypHmtS/1zcC2mOqU1dJ4g1dmw==
════════════════════════════════════════
════════════════════════════════════════
Date:       2026-04-01T09:43:36.990Z
Client:     the boss
Machine ID: 2CA86A0DEAD21EBE
License:    ZXjUH55bk9T40aOt3DscAF/477KiQXIjMEyrMbM75Ew0ScALv+LgBUVOr+Q5djDvIaV5MHVkI9MnmqFUM26nNH640K+VVA2qdqc1uUCyxLIHT4M2bgaXK+EgXbssY+OztKvfwCuAKVucV/Eeccl3Ugq6Z3ox65qwulmggjKuxjoOq9aPB8AYRKhRoGZOtLVLGAOla9DJo02IOB7Mn9kLUsHKkzYMKdQOu963QBx2F3Ke/+41vpua1r1alxrDVfMdhjpI9wcqyBYK80u9x39MMoyf8OQ/mzkMnf0+OZgxOXmkArCxMPir1xVpy7veQs7Zb07EKUl/FH3vKrde7O3yUQ==
════════════════════════════════════════
════════════════════════════════════════
Date:       2026-04-01T12:34:12.457Z
Client:     DAD
Machine ID: 652FC8640EED7D90
License:    MZuPzUCYuX4bKoYuDdkTeR1JPvOJ9XxKssZUa+/arvHXVO5bxWXa8xGIiw99RDm7x9faS2Kh+3mDUhT1rKvlSKEyFgtnyS0w707UjtsOJoExKmSYGxzJtgAkG+etnPUAj4GAOfwsI/wvLL1qlIEZg2rCDxLw0RCYrvruSNXkFlXfAqVIy2w5G/AxogOYBQo/tU+DX10nhkbZvkuAJmG6HHwjdzPE6IVsRm4HHakZT0GpBF9axIjld8zaOXCZNbODVpCRz61KqK74rpIwZ1juvazvYCeslkw+xN6sPZMaz82njfzjYLZw0v+JS8NUuuDyOyNdSPRuHJSmXOf+mIp0qQ==
════════════════════════════════════════
════════════════════════════════════════
Date:       2026-04-02T03:12:44.310Z
Client:     Unknown Client
Machine ID: 55916A970A808690
License:    C7z+gq61FtRvsJIfpyA0IjCmXmQEA5rSuBZ/q6t1pQ7avwFByFvI334yiBGFegj4OxLd+FbDcue0nu48m9rkPe4QjLPajaykTXSkFwK0JoDgTsMgPEXLJcRc2RGi9dC9+m8hgIWQIJeko5EVc8eJ3MWJj1ksfjSXAI7rwHSDI1IUUfKocVUv0PSinUbX2Qtpfq7GvB8aRxbo5a6WGdn8zGGvnXzgjkv+Dz69oCoQb23JkFzYtozrAWXZtTIeHyl/LEAakRaG69wflXB5s6B/TybeFBZfa+umkPIBBGAiFMjDHVkNe0nDQWRmR6mN/5RDnUjd7Xhzyfli97yy9vzErA==
════════════════════════════════════════
════════════════════════════════════════
Date:       2026-04-05T09:40:57.904Z
Client:     mine
Machine ID: 0FF9102FF3E345DC
License:    LoUdOeEyYCMfv12lC9Dxp8/Hc1NayV+CDn7wkGqR7YOkKWg39Wgh9dK0U9YSBJzBxG9haktaZcKxM0EmfS0tVjBJVtp0YW9ds2Fs6l5XRh3kahB0t3/3arpTf0br1i6l8NkNZQgtFHm+wQDRIocJYe4s9x+w8mRe6EXfSXqdqK1JB9xlExBt2wLOt7IB4raYu9jqBtRzq/n5PsxUCDRCnpBceFiwdgXtsZm9bZMhIURQNxavQCuNKqPtRW2sCiCbB6PMlZ14O//SjCo1jJvyr6C1GnkUZbj4YX4QPOez6KONB5ce96BOb2QfNXWX35fgqLzrNAi4BKGVdbpXhioeIQ==
════════════════════════════════════════
